d:\msys64\home\malongfei\cal_salary\src\calsalary\x64\debug\vc140.pdb
d:\msys64\home\malongfei\cal_salary\src\calsalary\x64\debug\salaray.obj
d:\msys64\home\malongfei\cal_salary\src\calsalary\x64\debug\main.obj
d:\msys64\home\malongfei\cal_salary\src\calsalary\x64\debug\moc_calsalary.obj
d:\msys64\home\malongfei\cal_salary\src\calsalary\x64\debug\calsalary.obj
d:\msys64\home\malongfei\cal_salary\src\calsalary\x64\debug\qrc_calsalary.obj
d:\msys64\home\malongfei\cal_salary\src\calsalary\generatedfiles\qrc_calsalary.cpp
d:\msys64\home\malongfei\cal_salary\src\calsalary\generatedfiles\debug\moc_calsalary.cpp
d:\msys64\home\malongfei\cal_salary\src\calsalary\generatedfiles\ui_calsalary.h
d:\msys64\home\malongfei\cal_salary\src\calsalary\x64\debug\calsalary.ilk
d:\msys64\home\malongfei\cal_salary\src\calsalary\x64\debug\calsalary.exe
d:\msys64\home\malongfei\cal_salary\src\calsalary\x64\debug\calsalary.pdb
d:\msys64\home\malongfei\cal_salary\src\calsalary\x64\debug\calsalary.tlog\cl.command.1.tlog
d:\msys64\home\malongfei\cal_salary\src\calsalary\x64\debug\calsalary.tlog\cl.read.1.tlog
d:\msys64\home\malongfei\cal_salary\src\calsalary\x64\debug\calsalary.tlog\cl.write.1.tlog
d:\msys64\home\malongfei\cal_salary\src\calsalary\x64\debug\calsalary.tlog\custombuild.command.1.tlog
d:\msys64\home\malongfei\cal_salary\src\calsalary\x64\debug\calsalary.tlog\custombuild.read.1.tlog
d:\msys64\home\malongfei\cal_salary\src\calsalary\x64\debug\calsalary.tlog\custombuild.write.1.tlog
d:\msys64\home\malongfei\cal_salary\src\calsalary\x64\debug\calsalary.tlog\link.command.1.tlog
d:\msys64\home\malongfei\cal_salary\src\calsalary\x64\debug\calsalary.tlog\link.read.1.tlog
d:\msys64\home\malongfei\cal_salary\src\calsalary\x64\debug\calsalary.tlog\link.write.1.tlog
